Log file open, 11/23/21 01:18:07
LogPlatformFile: Not using cached read wrapper
LogTaskGraph: Started task graph with 4 named threads and 18 total threads with 1 sets of task threads.
LogWindows: Failed to load '../../../Engine/Binaries/ThirdParty/DbgHelp/dbghelp.dll' (GetLastError=126)
LogWindows: File '../../../Engine/Binaries/ThirdParty/DbgHelp/dbghelp.dll' does not exist
LogInit: Build: ++UE4+Release-4.25-CL-14469661
LogInit: Engine Version: 4.25.4-14469661+++UE4+Release-4.25
LogInit: Compatible Engine Version: 4.25.0-13144385+++UE4+Release-4.25
LogInit: Net CL: 13144385
LogInit: OS: Windows 10 (Release 2009) (), CPU: AMD Ryzen 7 2700X Eight-Core Processor         , GPU: NVIDIA GeForce GTX 1070 Ti
LogInit: Compiled (64-bit): Oct 11 2020 08:29:47
LogInit: Compiled with Visual C++: 19.24.28315.00
LogInit: Build Configuration: Development
LogInit: Branch Name: ++UE4+Release-4.25
LogInit: Command Line: "F:\DRG Modding\DRG_Modding_Tools_15-9-21\UnrealPakSetup425\input _P.pak" -platform=Windows -create="F:\DRG Modding\DRG_Modding_Tools_15-9-21\UnrealPakSetup425\filelist.txt" -compress
LogInit: Base Directory: F:/DRG Modding/DRG_Modding_Tools_15-9-21/UnrealPakSetup425/UnrealPak/Engine/Binaries/Win64/
LogInit: Allocator: TBB
LogInit: Installed Engine Build: 0
LogDevObjectVersion: Number of dev versions registered: 26
LogDevObjectVersion:   Dev-Blueprints (B0D832E4-1F89-4F0D-ACCF-7EB736FD4AA2): 10
LogDevObjectVersion:   Dev-Build (E1C64328-A22C-4D53-A36C-8E866417BD8C): 0
LogDevObjectVersion:   Dev-Core (375EC13C-06E4-48FB-B500-84F0262A717E): 4
LogDevObjectVersion:   Dev-Editor (E4B068ED-F494-42E9-A231-DA0B2E46BB41): 38
LogDevObjectVersion:   Dev-Framework (CFFC743F-43B0-4480-9391-14DF171D2073): 37
LogDevObjectVersion:   Dev-Mobile (B02B49B5-BB20-44E9-A304-32B752E40360): 2
LogDevObjectVersion:   Dev-Networking (A4E4105C-59A1-49B5-A7C5-40C4547EDFEE): 0
LogDevObjectVersion:   Dev-Online (39C831C9-5AE6-47DC-9A44-9C173E1C8E7C): 0
LogDevObjectVersion:   Dev-Physics (78F01B33-EBEA-4F98-B9B4-84EACCB95AA2): 4
LogDevObjectVersion:   Dev-Platform (6631380F-2D4D-43E0-8009-CF276956A95A): 0
LogDevObjectVersion:   Dev-Rendering (12F88B9F-8875-4AFC-A67C-D90C383ABD29): 43
LogDevObjectVersion:   Dev-Sequencer (7B5AE74C-D270-4C10-A958-57980B212A5A): 12
LogDevObjectVersion:   Dev-VR (D7296918-1DD6-4BDD-9DE2-64A83CC13884): 3
LogDevObjectVersion:   Dev-LoadTimes (C2A15278-BFE7-4AFE-6C17-90FF531DF755): 1
LogDevObjectVersion:   Private-Geometry (6EACA3D4-40EC-4CC1-B786-8BED09428FC5): 3
LogDevObjectVersion:   Dev-AnimPhys (29E575DD-E0A3-4627-9D10-D276232CDCEA): 17
LogDevObjectVersion:   Dev-Anim (AF43A65D-7FD3-4947-9873-3E8ED9C1BB05): 7
LogDevObjectVersion:   Dev-ReflectionCapture (6B266CEC-1EC7-4B8F-A30B-E4D90942FC07): 1
LogDevObjectVersion:   Dev-Automation (0DF73D61-A23F-47EA-B727-89E90C41499A): 1
LogDevObjectVersion:   FortniteMain (601D1886-AC64-4F84-AA16-D3DE0DEAC7D6): 31
LogDevObjectVersion:   Dev-Enterprise (9DFFBCD6-494F-0158-E221-12823C92A888): 10
LogDevObjectVersion:   Dev-Niagara (F2AED0AC-9AFE-416F-8664-AA7FFA26D6FC): 1
LogDevObjectVersion:   Dev-Destruction (174F1F0B-B4C6-45A5-B13F-2EE8D0FB917D): 10
LogDevObjectVersion:   Dev-Physics-Ext (35F94A83-E258-406C-A318-09F59610247C): 37
LogDevObjectVersion:   Dev-PhysicsMaterial-Chaos (B68FC16E-8B1B-42E2-B453-215C058844FE): 1
LogDevObjectVersion:   Dev-CineCamera (B2E18506-4273-CFC2-A54E-F4BB758BBA07): 1
LogConfig: Applying CVar settings from Section [Startup] File [../../../Engine/Config/ConsoleVariables.ini]
LogConfig: Applying CVar settings from Section [ConsoleVariables] File [../../../Engine/Programs/UnrealPak/Saved/Config/Windows/Engine.ini]
[2021.11.23-01.18.07:734][  0]LogInit: Computer: DESKTOP-LHAO25H
[2021.11.23-01.18.07:734][  0]LogInit: User: Bobby
[2021.11.23-01.18.07:734][  0]LogInit: CPU Page size=4096, Cores=8
[2021.11.23-01.18.07:734][  0]LogInit: High frequency timer resolution =10.000000 MHz
[2021.11.23-01.18.07:734][  0]LogMemory: Memory total: Physical=15.9GB (16GB approx)
[2021.11.23-01.18.07:734][  0]LogMemory: Platform Memory Stats for Windows
[2021.11.23-01.18.07:734][  0]LogMemory: Process Physical Memory: 19.66 MB used, 19.66 MB peak
[2021.11.23-01.18.07:734][  0]LogMemory: Process Virtual Memory: 52.79 MB used, 52.79 MB peak
[2021.11.23-01.18.07:734][  0]LogMemory: Physical Memory: 12233.82 MB used,  4070.94 MB free, 16304.77 MB total
[2021.11.23-01.18.07:734][  0]LogMemory: Virtual Memory: 4334.84 MB used,  134213392.00 MB free, 134217728.00 MB total
[2021.11.23-01.18.07:734][  0]LogInit: Using OS detected language ().
[2021.11.23-01.18.07:734][  0]LogInit: Using OS detected locale ().
[2021.11.23-01.18.07:734][  0]LogTextLocalizationManager: No localization for '' exists, so 'en' will be used for the language.
[2021.11.23-01.18.07:734][  0]LogTextLocalizationManager: No localization for '' exists, so 'en' will be used for the locale.
[2021.11.23-01.18.07:734][  0]LogInit: Using OS detected language ().
[2021.11.23-01.18.07:734][  0]LogInit: Using OS detected locale ().
[2021.11.23-01.18.07:734][  0]LogTextLocalizationManager: No localization for '' exists, so 'en' will be used for the language.
[2021.11.23-01.18.07:734][  0]LogTextLocalizationManager: No localization for '' exists, so 'en' will be used for the locale.
[2021.11.23-01.18.07:735][  0]LogTextLocalizationManager: Compacting localization data took   0.00ms
[2021.11.23-01.18.07:735][  0]LogPakFile: Display: Using command line for crypto configuration
[2021.11.23-01.18.07:735][  0]LogPakFile: Engine only spawned 14 worker threads, bumping up to 15!
[2021.11.23-01.18.07:737][  0]LogPakFile: Display: Loading response file F:\DRG Modding\DRG_Modding_Tools_15-9-21\UnrealPakSetup425\filelist.txt
[2021.11.23-01.18.07:738][  0]LogPakFile: Added file Source: F:/DRG Modding/DRG_Modding_Tools_15-9-21/UnrealPakSetup425/input/*.* Dest: ../../../FSD/
[2021.11.23-01.18.07:738][  0]LogPakFile: Display: Added 1 entries to add to pak file.
[2021.11.23-01.18.07:738][  0]LogPakFile: Display: Collecting files to add to pak file...
[2021.11.23-01.18.07:739][  0]LogPakFile: Display: Collected 2 files in 0.00s.
[2021.11.23-01.18.07:739][  0]LogPakFile: Display: Creating pak F:\DRG Modding\DRG_Modding_Tools_15-9-21\UnrealPakSetup425\input _P.pak.
[2021.11.23-01.18.07:740][  0]LogDerivedDataCache: Unable to find inner node Boot for hierarchical cache Hierarchy.
[2021.11.23-01.18.07:740][  0]LogDerivedDataCache: FDerivedDataBackendGraph:  Pak pak cache file ../../../Engine/Programs/UnrealPak/DerivedDataCache/DDC.ddp not found, will not use a pak cache.
[2021.11.23-01.18.07:741][  0]LogDerivedDataCache: Unable to find inner node Pak for hierarchical cache Hierarchy.
[2021.11.23-01.18.07:741][  0]LogDerivedDataCache: FDerivedDataBackendGraph:  EnginePak pak cache file ../../../Engine/DerivedDataCache/DDC.ddp not found, will not use a pak cache.
[2021.11.23-01.18.07:741][  0]LogDerivedDataCache: Unable to find inner node EnginePak for hierarchical cache Hierarchy.
[2021.11.23-01.18.07:741][  0]LogDerivedDataCache: Using Local data cache path ../../../Engine/DerivedDataCache: Writable
[2021.11.23-01.18.07:741][  0]LogDerivedDataCache: Shared data cache path not found in *engine.ini, will not use an Shared cache.
[2021.11.23-01.18.07:741][  0]LogDerivedDataCache: Unable to find inner node Shared for hierarchical cache Hierarchy.
[2021.11.23-01.18.07:742][  0]LogPakFile: Added compressed file "RES_COLLECT_Barley3.uasset", 43.91% of original size. Compressed with Zlib, Size 1849 bytes, Original Size 4211 bytes (order 268435456).
[2021.11.23-01.18.07:742][  0]LogPakFile: Added compressed file "RES_COLLECT_Barley3.uexp", 21.06% of original size. Compressed with Zlib, Size 481 bytes, Original Size 2284 bytes (order 536870912).
[2021.11.23-01.18.07:742][  0]LogPakFile: Display: DISABLING pak file index freezing (all must be true: HasPlatformInfo? true - TargetIs64Bit? true - NoRuntimeUnloading? true - Unencrypted? true, 'Windows' != 'Windows')
[2021.11.23-01.18.07:742][  0]LogPakFile: Display: Added 2 files, 2977 bytes total, time 0.00s.
[2021.11.23-01.18.07:743][  0]LogPakFile: Display: Compression summary: 35.87% of original size. Compressed Size 2330 bytes, Original Size 6495 bytes. 
[2021.11.23-01.18.07:743][  0]LogPakFile: Display: Used compression formats (in priority order) 'Zlib, '
[2021.11.23-01.18.07:743][  0]LogPakFile: Display: Encryption - DISABLED
[2021.11.23-01.18.07:743][  0]LogPakFile: Display: Unreal pak executed in 0.008271 seconds
[2021.11.23-01.18.07:754][  0]LogExit: Preparing to exit.
[2021.11.23-01.18.07:756][  0]LogExit: Exiting.
[2021.11.23-01.18.07:775][  0]Log file closed, 11/23/21 01:18:07
